#
# There is insufficient memory for the Java Runtime Environment to continue.
# Native memory allocation (malloc) failed to allocate 1048576 bytes for AllocateHeap
# Possible reasons:
#   The system is out of physical RAM or swap space
#   In 32 bit mode, the process size limit was hit
# Possible solutions:
#   Reduce memory load on the system
#   Increase physical memory or swap space
#   Check if swap backing store is full
#   Use 64 bit Java on a 64 bit OS
#   Decrease Java heap size (-Xmx/-Xms)
#   Decrease number of Java threads
#   Decrease Java thread stack sizes (-Xss)
#   Set larger code cache with -XX:ReservedCodeCacheSize=
# This output file may be truncated or incomplete.
#
#  Out of Memory Error (memory/allocation.inline.hpp:61), pid=25008, tid=0x0000000000006040
#
# JRE version:  (8.0_121-b13) (build )
# Java VM: Java HotSpot(TM) 64-Bit Server VM (25.121-b13 mixed mode windows-amd64 compressed oops)
# Failed to write core dump. Minidumps are not enabled by default on client versions of Windows
#

---------------  T H R E A D  ---------------

Current thread (0x0000000002860800):  JavaThread "Unknown thread" [_thread_in_vm, id=24640, stack(0x0000000002730000,0x0000000002830000)]

Stack: [0x0000000002730000,0x0000000002830000]
[error occurred during error reporting (printing stack bounds), id 0xc0000005]

Native frames: (J=compiled Java code, j=interpreted, Vv=VM code, C=native code)


---------------  P R O C E S S  ---------------

Java Threads: ( => current thread )

Other Threads:

=>0x0000000002860800 (exited) JavaThread "Unknown thread" [_thread_in_vm, id=24640, stack(0x0000000002730000,0x0000000002830000)]

VM state:not at safepoint (normal execution)

VM Mutex/Monitor currently owned by a thread: None

Heap:
 PSYoungGen      total 38400K, used 665K [0x00000000d5d00000, 0x00000000d8780000, 0x0000000100000000)
  eden space 33280K, 2% used [0x00000000d5d00000,0x00000000d5da6670,0x00000000d7d80000)
  from space 5120K, 0% used [0x00000000d8280000,0x00000000d8280000,0x00000000d8780000)
  to   space 5120K, 0% used [0x00000000d7d80000,0x00000000d7d80000,0x00000000d8280000)
 ParOldGen       total 87552K, used 0K [0x0000000081600000, 0x0000000086b80000, 0x00000000d5d00000)
  object space 87552K, 0% used [0x0000000081600000,0x0000000081600000,0x0000000086b80000)
 Metaspace       used 746K, capacity 4480K, committed 4480K, reserved 1056768K
  class space    used 75K, capacity 384K, committed 384K, reserved 1048576K

Card table byte_map: [0x0000000011d50000,0x0000000012150000] byte_map_base: 0x0000000011945000

Marking Bits: (ParMarkBitMap*) 0x000000006df3b6d0
 Begin Bits: [0x0000000012c00000, 0x0000000014ba8000)
 End Bits:   [0x0000000014ba8000, 0x0000000016b50000)

Polling page: 0x0000000000ff0000

CodeCache: size=245760Kb used=328Kb max_used=328Kb free=245431Kb
 bounds [0x0000000002990000, 0x0000000002c00000, 0x0000000011990000]
 total_blobs=58 nmethods=0 adapters=38
 compilation: enabled

Compilation events (0 events):
No events

GC Heap History (0 events):
No events

Deoptimization events (0 events):
No events

Internal exceptions (0 events):
No events

Events (10 events):
Event: 0.032 loading class java/lang/Short
Event: 0.032 loading class java/lang/Short done
Event: 0.032 loading class java/lang/Integer
Event: 0.032 loading class java/lang/Integer done
Event: 0.032 loading class java/lang/Long
Event: 0.032 loading class java/lang/Long done
Event: 0.033 loading class java/lang/NullPointerException
Event: 0.033 loading class java/lang/NullPointerException done
Event: 0.033 loading class java/lang/ArithmeticException
Event: 0.033 loading class java/lang/ArithmeticException done


Dynamic libraries:
0x00007ff759e60000 - 0x00007ff759e97000 	C:\Program Files\Java\jre1.8.0_121\bin\javaw.exe
0x00007ffd9ad70000 - 0x00007ffd9af41000 	C:\WINDOWS\SYSTEM32\ntdll.dll
0x00007ffd98580000 - 0x00007ffd9862c000 	C:\WINDOWS\System32\KERNEL32.DLL
0x00007ffd97dd0000 - 0x00007ffd97fed000 	C:\WINDOWS\System32\KERNELBASE.dll
0x00007ffd98300000 - 0x00007ffd983a2000 	C:\WINDOWS\System32\ADVAPI32.dll
0x00007ffd98e90000 - 0x00007ffd98f2e000 	C:\WINDOWS\System32\msvcrt.dll
0x00007ffd9a9e0000 - 0x00007ffd9aa39000 	C:\WINDOWS\System32\sechost.dll
0x00007ffd9a8a0000 - 0x00007ffd9a9c1000 	C:\WINDOWS\System32\RPCRT4.dll
0x00007ffd9aa40000 - 0x00007ffd9aba5000 	C:\WINDOWS\System32\USER32.dll
0x00007ffd97ff0000 - 0x00007ffd9800e000 	C:\WINDOWS\System32\win32u.dll
0x00007ffd98f30000 - 0x00007ffd98f64000 	C:\WINDOWS\System32\GDI32.dll
0x00007ffd98170000 - 0x00007ffd982f2000 	C:\WINDOWS\System32\gdi32full.dll
0x00007ffd92f80000 - 0x00007ffd931fa000 	C:\WINDOWS\WinSxS\amd64_microsoft.windows.common-controls_6595b64144ccf1df_6.0.14393.953_none_42151e83c686086b\COMCTL32.dll
0x00007ffd98b60000 - 0x00007ffd98e28000 	C:\WINDOWS\System32\combase.dll
0x00007ffd97260000 - 0x00007ffd97355000 	C:\WINDOWS\System32\ucrtbase.dll
0x00007ffd97b40000 - 0x00007ffd97baa000 	C:\WINDOWS\System32\bcryptPrimitives.dll
0x00007ffd99030000 - 0x00007ffd9905e000 	C:\WINDOWS\System32\IMM32.DLL
0x000000006d580000 - 0x000000006d652000 	C:\Program Files\Java\jre1.8.0_121\bin\msvcr100.dll
0x000000006d720000 - 0x000000006dfbb000 	C:\Program Files\Java\jre1.8.0_121\bin\server\jvm.dll
0x00007ffd9abc0000 - 0x00007ffd9abc8000 	C:\WINDOWS\System32\PSAPI.DLL
0x00007ffd8a940000 - 0x00007ffd8a949000 	C:\WINDOWS\SYSTEM32\WSOCK32.dll
0x00007ffd951e0000 - 0x00007ffd95203000 	C:\WINDOWS\SYSTEM32\WINMM.dll
0x00007ffd93b20000 - 0x00007ffd93b2a000 	C:\WINDOWS\SYSTEM32\VERSION.dll
0x00007ffd983d0000 - 0x00007ffd9843a000 	C:\WINDOWS\System32\WS2_32.dll
0x00007ffd951b0000 - 0x00007ffd951db000 	C:\WINDOWS\SYSTEM32\WINMMBASE.dll
0x00007ffd97d80000 - 0x00007ffd97dc2000 	C:\WINDOWS\System32\cfgmgr32.dll
0x000000006ead0000 - 0x000000006eadf000 	C:\Program Files\Java\jre1.8.0_121\bin\verify.dll
0x000000006d6f0000 - 0x000000006d719000 	C:\Program Files\Java\jre1.8.0_121\bin\java.dll
0x000000006d6d0000 - 0x000000006d6e6000 	C:\Program Files\Java\jre1.8.0_121\bin\zip.dll

VM Arguments:
jvm_args: -Dfile.encoding=Cp1252 
java_command: WarehouseBoss
java_class_path (initial): C:\Users\Cam\Documents\2017 Sem 1\COMP2911\COMP2911 Group Project\bin
Launcher Type: SUN_STANDARD

Environment Variables:
PATH=C:/Program Files/Java/jre1.8.0_121/bin/server;C:/Program Files/Java/jre1.8.0_121/bin;C:/Program Files/Java/jre1.8.0_121/lib/amd64;C:\ProgramData\Oracle\Java\javapath;C:\Program Files (x86)\ActiveState Komodo Edit 10\;C:\Program Files (x86)\Razer Chroma SDK\bin;C:\Program Files\Razer Chroma SDK\bin;C:\Program Files (x86)\Intel\iCLS Client\;C:\Program Files\Intel\iCLS Client\;C:\Windows\system32;C:\Windows;C:\Windows\System32\Wbem;C:\Windows\System32\WindowsPowerShell\v1.0\;C:\Program Files\Intel\Intel(R) Management Engine Components\DAL;C:\Program Files (x86)\Intel\Intel(R) Management Engine Components\DAL;C:\Program Files\Intel\Intel(R) Management Engine Components\IPT;C:\Program Files (x86)\Intel\Intel(R) Management Engine Components\IPT;C:\Program Files\Intel\WiFi\bin\;C:\Program Files\Common Files\Intel\WirelessCommon\;C:\Program Files (x86)\NVIDIA Corporation\PhysX\Common;C:\WINDOWS\system32;C:\WINDOWS;C:\WINDOWS\System32\Wbem;C:\WINDOWS\System32\WindowsPowerShell\v1.0\;C:\WINDOWS\system32;C:\WINDOWS;C:\WINDOWS\System32\Wbem;C:\WINDOWS\System32\WindowsPowerShell\v1.0\;C:\Program Files (x86)\Skype\Phone\;C:\Users\Cam\AppData\Local\Microsoft\WindowsApps;C:\Users\Cam\AppData\Local\atom\bin;C:\WINDOWS\system32;
USERNAME=Cameron
OS=Windows_NT
PROCESSOR_IDENTIFIER=Intel64 Family 6 Model 60 Stepping 3, GenuineIntel



---------------  S Y S T E M  ---------------

OS: Windows 10.0 , 64 bit Build 14393 (10.0.14393.1198)

CPU:total 8 (4 cores per cpu, 2 threads per core) family 6 model 60 stepping 3, cmov, cx8, fxsr, mmx, sse, sse2, sse3, ssse3, sse4.1, sse4.2, popcnt, avx, avx2, aes, clmul, erms, lzcnt, ht, tsc, tscinvbit, bmi1, bmi2

Memory: 4k page, physical 8293704k(2173020k free), swap 10247496k(5264k free)

vm_info: Java HotSpot(TM) 64-Bit Server VM (25.121-b13) for windows-amd64 JRE (1.8.0_121-b13), built on Dec 12 2016 18:21:36 by "java_re" with MS VC++ 10.0 (VS2010)

time: Fri May 26 14:34:19 2017
elapsed time: 0 seconds (0d 0h 0m 0s)

